Sun Feb 22 20:36:56 CET 2004  [debug] AvalonLogSystem initialized using logfile 'velocity.log'
Sun Feb 22 20:36:56 CET 2004   [info] ************************************************************** 
Sun Feb 22 20:36:56 CET 2004   [info] Starting Jakarta Velocity v1.4-dev
Sun Feb 22 20:36:56 CET 2004   [info] RuntimeInstance initializing.
Sun Feb 22 20:36:56 CET 2004   [info] Default Properties File: org/apache/velocity/runtime/defaults/velocity.properties
Sun Feb 22 20:36:56 CET 2004   [info] Trying to use logger class org.apache.velocity.runtime.log.AvalonLogSystem
Sun Feb 22 20:36:56 CET 2004   [info] Using logger class org.apache.velocity.runtime.log.AvalonLogSystem
Sun Feb 22 20:36:56 CET 2004   [info] Default ResourceManager initializing. (class org.apache.velocity.runtime.resource.ResourceManagerImpl)
Sun Feb 22 20:36:56 CET 2004   [info] Resource Loader Instantiated: org.apache.velocity.runtime.resource.loader.FileResourceLoader
Sun Feb 22 20:36:56 CET 2004   [info] FileResourceLoader : initialization starting.
Sun Feb 22 20:36:56 CET 2004   [info] FileResourceLoader : adding path '/home/kocka/.maven/plugins/maven-xdoc-plugin-1.4/plugin-resources/templates'
Sun Feb 22 20:36:56 CET 2004   [info] FileResourceLoader : initialization complete.
Sun Feb 22 20:36:56 CET 2004   [info] ResourceCache : initialized. (class org.apache.velocity.runtime.resource.ResourceCacheImpl)
Sun Feb 22 20:36:56 CET 2004   [info] Default ResourceManager initialization complete.
Sun Feb 22 20:36:56 CET 2004   [info] Loaded System Directive: org.apache.velocity.runtime.directive.Literal
Sun Feb 22 20:36:56 CET 2004   [info] Loaded System Directive: org.apache.velocity.runtime.directive.Macro
Sun Feb 22 20:36:56 CET 2004   [info] Loaded System Directive: org.apache.velocity.runtime.directive.Parse
Sun Feb 22 20:36:56 CET 2004   [info] Loaded System Directive: org.apache.velocity.runtime.directive.Include
Sun Feb 22 20:36:56 CET 2004   [info] Loaded System Directive: org.apache.velocity.runtime.directive.Foreach
Sun Feb 22 20:36:57 CET 2004   [info] Created: 20 parsers.
Sun Feb 22 20:36:57 CET 2004   [info] Velocimacro : initialization starting.
Sun Feb 22 20:36:57 CET 2004   [info] Velocimacro : adding VMs from VM library template : VM_global_library.vm
Sun Feb 22 20:36:57 CET 2004  [error] ResourceManager : unable to find resource 'VM_global_library.vm' in any resource loader.
Sun Feb 22 20:36:57 CET 2004   [info] Velocimacro : error using  VM library template VM_global_library.vm : org.apache.velocity.exception.ResourceNotFoundException: Unable to find resource 'VM_global_library.vm'
Sun Feb 22 20:36:57 CET 2004   [info] Velocimacro :  VM library template macro registration complete.
Sun Feb 22 20:36:57 CET 2004   [info] Velocimacro : allowInline = true : VMs can be defined inline in templates
Sun Feb 22 20:36:57 CET 2004   [info] Velocimacro : allowInlineToOverride = false : VMs defined inline may NOT replace previous VM definitions
Sun Feb 22 20:36:57 CET 2004   [info] Velocimacro : allowInlineLocal = false : VMs defined inline will be  global in scope if allowed.
Sun Feb 22 20:36:57 CET 2004   [info] Velocimacro : messages on  : VM system will output logging messages
Sun Feb 22 20:36:57 CET 2004   [info] Velocimacro : autoload off  : VM system will not automatically reload global library macros
Sun Feb 22 20:36:57 CET 2004   [info] Velocimacro : initialization complete.
Sun Feb 22 20:36:57 CET 2004   [info] Velocity successfully started.
Sun Feb 22 20:36:57 CET 2004   [info] ResourceManager : found cvs-usage.xml with loader org.apache.velocity.runtime.resource.loader.FileResourceLoader
Sun Feb 22 20:36:57 CET 2004  [error] RHS of #set statement is null. Context will not be modified. cvs-usage.xml [line 10, column 5]
Sun Feb 22 20:36:57 CET 2004   [info] ResourceManager : found index.xml with loader org.apache.velocity.runtime.resource.loader.FileResourceLoader
Sun Feb 22 20:36:57 CET 2004   [info] ResourceManager : found maven-reports.xml with loader org.apache.velocity.runtime.resource.loader.FileResourceLoader
Sun Feb 22 20:36:57 CET 2004   [info] ResourceManager : found dependencies.xml with loader org.apache.velocity.runtime.resource.loader.FileResourceLoader
Sun Feb 22 20:36:57 CET 2004   [info] ResourceManager : found issue-tracking.xml with loader org.apache.velocity.runtime.resource.loader.FileResourceLoader
Sun Feb 22 20:36:57 CET 2004   [info] Velocimacro : added new VM : #displayLink( label link ) : source = mail-lists.xml
Sun Feb 22 20:36:57 CET 2004   [info] ResourceManager : found mail-lists.xml with loader org.apache.velocity.runtime.resource.loader.FileResourceLoader
Sun Feb 22 20:36:57 CET 2004   [info] ResourceManager : found project-info.xml with loader org.apache.velocity.runtime.resource.loader.FileResourceLoader
Sun Feb 22 20:36:57 CET 2004   [info] ResourceManager : found team-list.xml with loader org.apache.velocity.runtime.resource.loader.FileResourceLoader
